0 info it worked if it ends with ok
1 verbose cli [ 'D:\\Program Files\\nodejs\\node.exe',
1 verbose cli   'C:\\Users\\renhongl\\AppData\\Roaming\\npm\\node_modules\\npm\\bin\\npm-cli.js',
1 verbose cli   'run',
1 verbose cli   'start' ]
2 info using npm@4.0.5
3 info using node@v5.10.1
4 verbose run-script [ 'prestart', 'start', 'poststart' ]
5 info lifecycle aiting@1.0.0~prestart: aiting@1.0.0
6 silly lifecycle aiting@1.0.0~prestart: no script for prestart, continuing
7 info lifecycle aiting@1.0.0~start: aiting@1.0.0
8 verbose lifecycle aiting@1.0.0~start: unsafe-perm in lifecycle true
9 verbose lifecycle aiting@1.0.0~start: PATH: C:\Users\renhongl\AppData\Roaming\npm\node_modules\npm\bin\node-gyp-bin;C:\Users\renhongl\Documents\A-Documents\AiTing\node_modules\.bin;C:\Program Files\Git\mingw64\bin;C:\Program Files\Git\usr\bin;C:\Users\renhongl\bin;C:\ProgramData\Oracle\Java\javapath;C:\Program Files\Common Files\Microsoft Shared\Windows Live;C:\Program Files (x86)\Common Files\Microsoft Shared\Windows Live;C:\Program Files (x86)\Intel\iCLS Client;C:\Program Files\Intel\iCLS Client;C:\Windows\system32;C:\Windows;C:\Windows\System32\Wbem;C:\Windows\System32\WindowsPowerShell\v1.0;C:\Program Files\Intel\Intel(R) Management Engine Components\DAL;C:\Program Files\Intel\Intel(R) Management Engine Components\IPT;C:\Program Files (x86)\Intel\Intel(R) Management Engine Components\DAL;C:\Program Files (x86)\Intel\Intel(R) Management Engine Components\IPT;C:\Program Files (x86)\Security Innovation\SI TSS\bin;C:\Program Files (x86)\Windows Live\Shared;C:\Program Files\TortoiseSVN\bin;D:\apache-maven-3.3.3\bin;C:\Program Files\Java\jre7\bin;C:\Program Files\MySQL\MySQL Server 5.5\bin;D:\UsefulData\apache-tomcat-7.0.63\bin;D:\Program Files\nodejs;D:\Program Files\nodejs;D:\Program Files\Java\jdk1.8.0_73\bin;C:\Users\renhongl\Downloads\phantomjs-2.1.1-windows\phantomjs-2.1.1-windows\bin;D:\Program Files\nodejs;C:\C;C:\Program Files\Git\Program Files\Git\cmd;C:\Program Files (x86)\Tencent\QQ\Bin;C:\Program Files\Sublime Text 2;D:\links\apps\applicationPlatform\AP-win32-x64;C:\Program Files (x86)\Google\Chrome\Application;D:\UsefulData\apache-tomcat-7.0.63\apache-tomcat-7.0.63\bin;C:\Program Files\MongoDB\Server\3.2\bin;C:\Users\renhongl\Downloads\jx_win64v8\jx_win64v8;C:\Users\renhongl\Downloads\cmder;C:\Program Files\Git\cmd;C:\Users\renhongl\AppData\Local\Programs\Python\Python35-32\Scripts;C:\Users\renhongl\AppData\Local\Programs\Python\Python35-32;C:\Program Files (x86)\Microsoft VS Code\bin;C:\Users\renhongl\AppData\Roaming\npm
10 verbose lifecycle aiting@1.0.0~start: CWD: C:\Users\renhongl\Documents\A-Documents\AiTing
11 silly lifecycle aiting@1.0.0~start: Args: [ '/d /s /c', 'electron .' ]
12 silly lifecycle aiting@1.0.0~start: Returned: code: 1  signal: null
13 info lifecycle aiting@1.0.0~start: Failed to exec start script
14 verbose stack Error: aiting@1.0.0 start: `electron .`
14 verbose stack Exit status 1
14 verbose stack     at EventEmitter.<anonymous> (C:\Users\renhongl\AppData\Roaming\npm\node_modules\npm\lib\utils\lifecycle.js:279:16)
14 verbose stack     at emitTwo (events.js:100:13)
14 verbose stack     at EventEmitter.emit (events.js:185:7)
14 verbose stack     at ChildProcess.<anonymous> (C:\Users\renhongl\AppData\Roaming\npm\node_modules\npm\lib\utils\spawn.js:40:14)
14 verbose stack     at emitTwo (events.js:100:13)
14 verbose stack     at ChildProcess.emit (events.js:185:7)
14 verbose stack     at maybeClose (internal/child_process.js:850:16)
14 verbose stack     at Process.ChildProcess._handle.onexit (internal/child_process.js:215:5)
15 verbose pkgid aiting@1.0.0
16 verbose cwd C:\Users\renhongl\Documents\A-Documents\AiTing
17 error Windows_NT 6.1.7601
18 error argv "D:\\Program Files\\nodejs\\node.exe" "C:\\Users\\renhongl\\AppData\\Roaming\\npm\\node_modules\\npm\\bin\\npm-cli.js" "run" "start"
19 error node v5.10.1
20 error npm  v4.0.5
21 error code ELIFECYCLE
22 error aiting@1.0.0 start: `electron .`
22 error Exit status 1
23 error Failed at the aiting@1.0.0 start script 'electron .'.
23 error Make sure you have the latest version of node.js and npm installed.
23 error If you do, this is most likely a problem with the aiting package,
23 error not with npm itself.
23 error Tell the author that this fails on your system:
23 error     electron .
23 error You can get information on how to open an issue for this project with:
23 error     npm bugs aiting
23 error Or if that isn't available, you can get their info via:
23 error     npm owner ls aiting
23 error There is likely additional logging output above.
24 verbose exit [ 1, true ]
